20:06:01.122 INFO  [Execution worker Thread 2] r.t.k.k.a.a.p.extension.Extensions - Extensions found:
    ru.tinkoff.kora.config.annotation.processor.extension.ConfigKoraExtension
    ru.tinkoff.kora.json.annotation.processor.extension.JsonKoraExtension
    ru.tinkoff.kora.http.server.annotation.processor.extension.HttpServerRequestMapperKoraExtension
    ru.tinkoff.kora.database.annotation.processor.extension.RepositoryKoraExtension
    ru.tinkoff.kora.database.annotation.processor.jdbc.extension.JdbcTypesExtension
    ru.tinkoff.kora.validation.annotation.processor.extension.ValidKoraExtension
    ru.tinkoff.kora.mapstruct.java.extension.MapstructKoraExtension
    ru.tinkoff.grpc.client.annotation.processor.GrpcClientExtension

20:06:01.156 INFO  [Execution worker Thread 2] r.t.k.k.a.a.p.KoraAppProcessor - @KoraApp processor started
20:06:01.159 INFO  [Execution worker Thread 2] r.t.k.k.a.a.p.KoraAppProcessor - @KoraApp element found:
    ru.planet.user.Application

20:06:01.163 INFO  [Execution worker Thread 2] r.t.k.k.a.a.p.KoraAppProcessor - External modules found:
    ru.tinkoff.grpc.client.GrpcClientModule
    ru.tinkoff.kora.config.hocon.HoconConfigModule
    ru.tinkoff.kora.http.server.common.HttpServerModule
    ru.tinkoff.kora.logging.common.LoggingModule
    ru.tinkoff.kora.database.common.DataBaseModule
    ru.tinkoff.kora.http.server.common.HttpServerResponseMapperModule
    ru.tinkoff.kora.validation.common.constraint.ValidatorModule
    ru.tinkoff.kora.database.jdbc.JdbcModule
    ru.tinkoff.kora.database.jdbc.JdbcDatabaseModule
    ru.tinkoff.kora.http.server.common.HttpServerRequestMapperModule
    ru.tinkoff.kora.http.server.undertow.UndertowHttpServerModule
    ru.tinkoff.kora.validation.module.ValidationModule
    ru.tinkoff.kora.netty.common.NettyCommonModule
    ru.tinkoff.kora.http.server.undertow.UndertowModule
    ru.tinkoff.kora.config.common.DefaultConfigExtractorsModule
    ru.planet.user.Application
    ru.tinkoff.kora.logging.logback.LogbackModule
    ru.tinkoff.kora.openapi.management.OpenApiManagementModule
    ru.tinkoff.kora.json.module.JsonModule
    ru.tinkoff.kora.config.common.CommonConfigModule
    ru.tinkoff.kora.http.server.common.StringParameterReadersModule
    ru.tinkoff.kora.json.common.JsonCommonModule

20:06:01.440 INFO  [Execution worker Thread 2] r.t.k.k.a.a.p.KoraAppProcessor - Application modules found:
    ru.planet.user.configuration.properties.BcryptPropertiesModule
    ru.planet.user.controller.OpenApiControllerModule
    ru.planet.user.api.UserApiControllerModule

20:06:01.475 INFO  [Execution worker Thread 2] r.t.k.a.a.p.AopAnnotationProcessor - Components with aspects found:
    ru.planet.user.repository.$UserRepository_Impl

